2019-11-05 01:15:08.320  INFO 16720 --- [restartedMain] cn.gotojava.webdev.WebdevApplication     : Starting WebdevApplication on DESKTOP-25MLF2S with PID 16720 (C:\Users\Landa\ideaProject\spring-boot-learning-demo\spring-boot-webdev\target\classes started by Landa in C:\Users\Landa\ideaProject\spring-boot-learning-demo\spring-boot-webdev)
2019-11-05 01:15:08.327 DEBUG 16720 --- [restartedMain] cn.gotojava.webdev.WebdevApplication     : Running with Spring Boot v2.2.0.RELEASE, Spring v5.2.0.RELEASE
2019-11-05 01:15:08.328  INFO 16720 --- [restartedMain] cn.gotojava.webdev.WebdevApplication     : No active profile set, falling back to default profiles: default
2019-11-05 01:15:08.470  INFO 16720 --- [restartedMain] .e.DevToolsPropertyDefaultsPostProcessor : Devtools property defaults active! Set 'spring.devtools.add-properties' to 'false' to disable
2019-11-05 01:15:08.471  INFO 16720 --- [restartedMain] .e.DevToolsPropertyDefaultsPostProcessor : For additional web related logging consider setting the 'logging.level.web' property to 'DEBUG'
2019-11-05 01:15:09.777  INFO 16720 --- [restartedMain] o.s.b.w.embedded.tomcat.TomcatWebServer  : Tomcat initialized with port(s): 80 (http)
2019-11-05 01:15:09.789  INFO 16720 --- [restartedMain] o.apache.catalina.core.StandardService   : Starting service [Tomcat]
2019-11-05 01:15:09.789  INFO 16720 --- [restartedMain] org.apache.catalina.core.StandardEngine  : Starting Servlet engine: [Apache Tomcat/9.0.27]
2019-11-05 01:15:09.880  INFO 16720 --- [restartedMain] o.a.c.c.C.[Tomcat].[localhost].[/]       : Initializing Spring embedded WebApplicationContext
2019-11-05 01:15:09.880  INFO 16720 --- [restartedMain] o.s.web.context.ContextLoader            : Root WebApplicationContext: initialization completed in 1409 ms
2019-11-05 01:15:10.091  INFO 16720 --- [restartedMain] o.s.s.concurrent.ThreadPoolTaskExecutor  : Initializing ExecutorService 'applicationTaskExecutor'
2019-11-05 01:15:10.231  INFO 16720 --- [restartedMain] o.s.b.d.a.OptionalLiveReloadServer       : LiveReload server is running on port 35729
2019-11-05 01:15:10.276  INFO 16720 --- [restartedMain] o.s.b.w.embedded.tomcat.TomcatWebServer  : Tomcat started on port(s): 80 (http) with context path ''
2019-11-05 01:15:10.280  INFO 16720 --- [restartedMain] cn.gotojava.webdev.WebdevApplication     : Started WebdevApplication in 2.661 seconds (JVM running for 3.879)
2019-11-05 01:15:18.956  INFO 16720 --- [http-nio-80-exec-2] o.a.c.c.C.[Tomcat].[localhost].[/]       : Initializing Spring DispatcherServlet 'dispatcherServlet'
2019-11-05 01:15:18.957  INFO 16720 --- [http-nio-80-exec-2] o.s.web.servlet.DispatcherServlet        : Initializing Servlet 'dispatcherServlet'
2019-11-05 01:15:18.966  INFO 16720 --- [http-nio-80-exec-2] o.s.web.servlet.DispatcherServlet        : Completed initialization in 8 ms
2019-11-05 01:15:18.977  INFO 16720 --- [http-nio-80-exec-2] c.g.w.configuration.WebConfiguration     : 请求IP：0:0:0:0:0:0:0:1
2019-11-05 01:15:18.977  INFO 16720 --- [http-nio-80-exec-2] c.g.w.configuration.WebConfiguration     : 请求主机：0:0:0:0:0:0:0:1
2019-11-05 01:15:18.977  INFO 16720 --- [http-nio-80-exec-2] c.g.w.configuration.WebConfiguration     : 请求端口：64233
2019-11-05 01:15:19.001  INFO 16720 --- [http-nio-80-exec-2] c.g.webdev.controller.HelloController    : ================文件配置已获取================
